<?xml version="1.0" encoding="UTF-8"?>
<testsuite name="CollectionsOpsTest" tests="3" skipped="0" failures="0" errors="0" timestamp="2015-11-21T03:20:42" hostname="Sharon" time="0.012">
  <properties/>
  <testcase name="should_double_all_even_numbers" classname="CollectionsOpsTest" time="0.007"/>
  <testcase name="should_get_all_odd_numbers" classname="CollectionsOpsTest" time="0.0"/>
  <testcase name="should_find_specific_number_or_return_not_found" classname="CollectionsOpsTest" time="0.003"/>
  <system-out><![CDATA[]]></system-out>
  <system-err><![CDATA[]]></system-err>
</testsuite>
